<?xml version="1.0" encoding="utf-8" standalone="no"?>
<test-results xmlns:xsi="http://www.w3.org/2001/XMLSchema-instance" xsi:noNamespaceSchemaLocation="nunit_schema_2.5.xsd" name="Pester" total="7" errors="0" failures="0" not-run="0" inconclusive="0" ignored="0" skipped="0" invalid="0" date="2019-06-20" time="10:51:37">
  <environment os-version="18.6.0" user-domain="" user="jcotillo" machine-name="Jorges-MacBook-Air.local" platform="Darwin" cwd="/Users/jorge.cotillo/Documents/azure-virtual-datacenter/vdc" clr-version="Unknown" nunit-version="2.5.8.0" />
  <culture-info current-culture="en-US" current-uiculture="en-US" />
  <test-suite type="TestFixture" name="Pester" executed="True" result="Success" success="True" time="0.3205" asserts="0" description="Pester">
    <results>
      <test-suite type="TestFixture" name="/Users/jorge.cotillo/Documents/azure-virtual-datacenter/vdc/modules/vNet/2.0/Tests/module.tests.ps1" executed="True" result="Success" success="True" time="0.3205" asserts="0" description="/Users/jorge.cotillo/Documents/azure-virtual-datacenter/vdc/modules/vNet/2.0/Tests/module.tests.ps1">
        <results>
          <test-suite type="TestFixture" name="Template: 2.0 - Virtual Network" executed="True" result="Success" success="True" time="0.3036" asserts="0" description="Template: 2.0 - Virtual Network">
            <results>
              <test-suite type="TestFixture" name="Template File Syntax" executed="True" result="Success" success="True" time="0.0788" asserts="0" description="Template File Syntax">
                <results>
                  <test-case description="Has a JSON template file" name="Template: 2.0 - Virtual Network.Template File Syntax.Has a JSON template file" time="0.0052" asserts="0" success="True" result="Success" executed="True" />
                  <test-suite type="ParameterizedTest" name="Template: 2.0 - Virtual Network.Template File Syntax.Converts from JSON and has the expected properties" executed="True" result="Success" success="True" time="0.034" asserts="0" description="Converts from JSON and has the expected properties">
                    <results>
                      <test-case description="Converts from JSON and has the expected properties" name="Template: 2.0 - Virtual Network.Template File Syntax.Converts from JSON and has the expected properties(&quot;deploy.json&quot;)" time="0.034" asserts="0" success="True" result="Success" executed="True" />
                    </results>
                  </test-suite>
                </results>
              </test-suite>
              <test-suite type="TestFixture" name="Parameter File Syntax" executed="True" result="Success" success="True" time="0.0546" asserts="0" description="Parameter File Syntax">
                <results>
                  <test-case description="Has environment parameters file" name="Template: 2.0 - Virtual Network.Parameter File Syntax.Has environment parameters file" time="0.0068" asserts="0" success="True" result="Success" executed="True" />
                  <test-suite type="ParameterizedTest" name="Template: 2.0 - Virtual Network.Parameter File Syntax.Parameter file contains the expected properties" executed="True" result="Success" success="True" time="0.0261" asserts="0" description="Parameter file contains the expected properties">
                    <results>
                      <test-case description="Parameter file contains the expected properties" name="Template: 2.0 - Virtual Network.Parameter File Syntax.Parameter file contains the expected properties(&quot;parameters.json&quot;)" time="0.0261" asserts="0" success="True" result="Success" executed="True" />
                    </results>
                  </test-suite>
                </results>
              </test-suite>
              <test-suite type="TestFixture" name="Template and Parameter Compactibility" executed="True" result="Success" success="True" time="0.1267" asserts="0" description="Template and Parameter Compactibility">
                <results>
                  <test-case description="Is count of required parameters in template file equal or lesser than count of all parameters in parameters file" name="Template: 2.0 - Virtual Network.Template and Parameter Compactibility.Is count of required parameters in template file equal or lesser than count of all parameters in parameters file" time="0.0336" asserts="0" success="True" result="Success" executed="True" />
                  <test-case description="Has all parameters in parameters file existing in template file" name="Template: 2.0 - Virtual Network.Template and Parameter Compactibility.Has all parameters in parameters file existing in template file" time="0.0191" asserts="0" success="True" result="Success" executed="True" />
                  <test-case description="Has required parameters in template file existing in parameters file" name="Template: 2.0 - Virtual Network.Template and Parameter Compactibility.Has required parameters in template file existing in parameters file" time="0.0344" asserts="0" success="True" result="Success" executed="True" />
                </results>
              </test-suite>
            </results>
          </test-suite>
        </results>
      </test-suite>
    </results>
  </test-suite>
</test-results>